2019-06-22 17:12:28[INFO][第6个猴子 ]正在右岸等待离出生已经0秒
2019-06-22 17:12:28[INFO][第15个猴子 ]正在左岸等待离出生已经0秒
2019-06-22 17:12:28[INFO][第14个猴子 ]正在左岸等待离出生已经0秒
2019-06-22 17:12:28[INFO][第17个猴子 ]正在右岸等待离出生已经0秒
2019-06-22 17:12:28[INFO][第7个猴子 ]正在右岸等待离出生已经0秒
2019-06-22 17:12:28[INFO][第2个猴子 ]正在左岸等待离出生已经0秒
2019-06-22 17:12:28[INFO][第18个猴子 ]正在左岸等待离出生已经0秒
2019-06-22 17:12:28[INFO][第19个猴子 ]正在左岸等待离出生已经0秒
2019-06-22 17:12:28[INFO][第20个猴子 ]正在左岸等待离出生已经0秒
2019-06-22 17:12:28[INFO][第9个猴子 ]正在右岸等待离出生已经0秒
2019-06-22 17:12:28[INFO][第1个猴子 ]正在左岸等待离出生已经0秒
2019-06-22 17:12:28[INFO][第16个猴子 ]正在左岸等待离出生已经0秒
2019-06-22 17:12:28[INFO][第21个猴子 ]正在右岸等待离出生已经0秒
2019-06-22 17:12:28[INFO][第11个猴子 ]正在左岸等待离出生已经0秒
2019-06-22 17:12:28[INFO][第4个猴子 ]正在右岸等待离出生已经0秒
2019-06-22 17:12:28[INFO][第10个猴子 ]正在右岸等待离出生已经0秒
2019-06-22 17:12:28[INFO][第3个猴子 ]正在右岸等待离出生已经0秒
2019-06-22 17:12:28[INFO][第8个猴子 ]正在左岸等待离出生已经0秒
2019-06-22 17:12:28[INFO][第24个猴子 ]正在左岸等待离出生已经0秒
2019-06-22 17:12:28[INFO][第25个猴子 ]正在左岸等待离出生已经0秒
2019-06-22 17:12:28[INFO][第22个猴子 ]正在右岸等待离出生已经0秒
2019-06-22 17:12:28[INFO][第12个猴子 ]正在右岸等待离出生已经0秒
2019-06-22 17:12:28[INFO][第23个猴子 ]正在右岸等待离出生已经0秒
2019-06-22 17:12:28[INFO][第5个猴子 ]正在右岸等待离出生已经0秒
2019-06-22 17:12:28[INFO][第13个猴子 ]正在左岸等待离出生已经0秒
2019-06-22 17:12:29[INFO][第15个猴子 ]正在左岸等待离出生已经1秒
2019-06-22 17:12:29[INFO][第14个猴子 ]正在左岸等待离出生已经1秒
2019-06-22 17:12:29[INFO][第17个猴子 ]正在右岸等待离出生已经1秒
2019-06-22 17:12:29[INFO][第18个猴子 ]正在左岸等待离出生已经1秒
2019-06-22 17:12:29[INFO][第19个猴子 ]正在左岸等待离出生已经1秒
2019-06-22 17:12:29[INFO][第7个猴子 ]正在右岸等待离出生已经1秒
2019-06-22 17:12:29[INFO][第20个猴子 ]正在左岸等待离出生已经1秒
2019-06-22 17:12:29[INFO][第2个猴子 ]正在左岸等待离出生已经1秒
2019-06-22 17:12:29[INFO][第9个猴子 ]正在右岸等待离出生已经1秒
2019-06-22 17:12:29[INFO][第24个猴子 ]正在左岸等待离出生已经1秒
2019-06-22 17:12:29[INFO][第11个猴子 ]正在左岸等待离出生已经1秒
2019-06-22 17:12:29[INFO][第12个猴子 ]正在右岸等待离出生已经1秒
2019-06-22 17:12:29[INFO][第16个猴子 ]正在左岸等待离出生已经1秒
2019-06-22 17:12:29[INFO][第3个猴子 ]正在右岸等待离出生已经1秒
2019-06-22 17:12:29[INFO][第22个猴子 ]正在右岸等待离出生已经1秒
2019-06-22 17:12:29[INFO][第10个猴子 ]正在右岸等待离出生已经1秒
2019-06-22 17:12:29[INFO][第25个猴子 ]正在左岸等待离出生已经1秒
2019-06-22 17:12:29[INFO][第8个猴子 ]正在左岸等待离出生已经1秒
2019-06-22 17:12:29[INFO][第21个猴子 ]正在右岸等待离出生已经1秒
2019-06-22 17:12:29[INFO][第4个猴子 ]正在右岸等待离出生已经1秒
2019-06-22 17:12:29[INFO][第13个猴子 ]正在左岸等待离出生已经1秒
2019-06-22 17:12:29[INFO][第23个猴子 ]正在右岸等待离出生已经1秒
2019-06-22 17:12:29[INFO][第5个猴子 ]正在右岸等待离出生已经1秒
2019-06-22 17:12:30[INFO][第6个猴子 ]正在第3个梯子第20个踏板，从右向左离出生已经2秒
2019-06-22 17:12:30[INFO][第15个猴子 ]正在左岸等待离出生已经2秒
2019-06-22 17:12:30[INFO][第14个猴子 ]正在左岸等待离出生已经2秒
2019-06-22 17:12:30[INFO][第9个猴子 ]正在右岸等待离出生已经2秒
2019-06-22 17:12:30[INFO][第18个猴子 ]正在左岸等待离出生已经2秒
2019-06-22 17:12:30[INFO][第1个猴子 ]正在第1个梯子第1个踏板，从左向右离出生已经2秒
2019-06-22 17:12:30[INFO][第7个猴子 ]正在右岸等待离出生已经2秒
2019-06-22 17:12:30[INFO][第2个猴子 ]正在左岸等待离出生已经2秒
2019-06-22 17:12:30[INFO][第20个猴子 ]正在左岸等待离出生已经2秒
2019-06-22 17:12:30[INFO][第19个猴子 ]正在左岸等待离出生已经2秒
2019-06-22 17:12:30[INFO][第22个猴子 ]正在右岸等待离出生已经2秒
2019-06-22 17:12:30[INFO][第25个猴子 ]正在左岸等待离出生已经2秒
2019-06-22 17:12:30[INFO][第3个猴子 ]正在右岸等待离出生已经2秒
2019-06-22 17:12:30[INFO][第12个猴子 ]正在右岸等待离出生已经2秒
2019-06-22 17:12:30[INFO][第10个猴子 ]正在右岸等待离出生已经2秒
2019-06-22 17:12:30[INFO][第16个猴子 ]正在左岸等待离出生已经2秒
2019-06-22 17:12:30[INFO][第11个猴子 ]正在左岸等待离出生已经2秒
2019-06-22 17:12:30[INFO][第13个猴子 ]正在左岸等待离出生已经2秒
2019-06-22 17:12:30[INFO][第8个猴子 ]正在左岸等待离出生已经2秒
2019-06-22 17:12:30[INFO][第23个猴子 ]正在右岸等待离出生已经2秒
2019-06-22 17:12:30[INFO][第5个猴子 ]正在右岸等待离出生已经2秒
2019-06-22 17:12:30[INFO][第4个猴子 ]正在右岸等待离出生已经2秒
2019-06-22 17:12:31[INFO][第26个猴子 ]正在左岸等待离出生已经0秒
2019-06-22 17:12:31[INFO][第27个猴子 ]正在左岸等待离出生已经0秒
2019-06-22 17:12:31[INFO][第28个猴子 ]正在右岸等待离出生已经0秒
2019-06-22 17:12:31[INFO][第29个猴子 ]正在右岸等待离出生已经0秒
2019-06-22 17:12:31[INFO][第31个猴子 ]正在右岸等待离出生已经0秒
2019-06-22 17:12:31[INFO][第45个猴子 ]正在左岸等待离出生已经0秒
2019-06-22 17:12:31[INFO][第32个猴子 ]正在右岸等待离出生已经0秒
2019-06-22 17:12:31[INFO][第49个猴子 ]正在左岸等待离出生已经0秒
2019-06-22 17:12:31[INFO][第47个猴子 ]正在右岸等待离出生已经0秒
2019-06-22 17:12:31[INFO][第46个猴子 ]正在右岸等待离出生已经0秒
2019-06-22 17:12:31[INFO][第36个猴子 ]正在右岸等待离出生已经0秒
2019-06-22 17:12:31[INFO][第37个猴子 ]正在左岸等待离出生已经0秒
2019-06-22 17:12:31[INFO][第44个猴子 ]正在左岸等待离出生已经0秒
2019-06-22 17:12:31[INFO][第39个猴子 ]正在右岸等待离出生已经0秒
2019-06-22 17:12:31[INFO][第43个猴子 ]正在右岸等待离出生已经0秒
2019-06-22 17:12:31[INFO][第30个猴子 ]正在右岸等待离出生已经0秒
2019-06-22 17:12:31[INFO][第42个猴子 ]正在右岸等待离出生已经0秒
2019-06-22 17:12:31[INFO][第33个猴子 ]正在左岸等待离出生已经0秒
2019-06-22 17:12:31[INFO][第50个猴子 ]正在右岸等待离出生已经0秒
2019-06-22 17:12:31[INFO][第38个猴子 ]正在右岸等待离出生已经0秒
2019-06-22 17:12:31[INFO][第41个猴子 ]正在右岸等待离出生已经0秒
2019-06-22 17:12:31[INFO][第48个猴子 ]正在右岸等待离出生已经0秒
2019-06-22 17:12:31[INFO][第35个猴子 ]正在左岸等待离出生已经0秒
2019-06-22 17:12:31[INFO][第34个猴子 ]正在左岸等待离出生已经0秒
2019-06-22 17:12:31[INFO][第40个猴子 ]正在左岸等待离出生已经0秒
2019-06-22 17:12:31[INFO][第17个猴子 ]正在第4个梯子第20个踏板，从右向左离出生已经3秒
2019-06-22 17:12:31[INFO][第6个猴子 ]正在第3个梯子第11个踏板，从右向左离出生已经3秒
2019-06-22 17:12:31[INFO][第14个猴子 ]正在左岸等待离出生已经3秒
2019-06-22 17:12:31[INFO][第15个猴子 ]正在左岸等待离出生已经3秒
2019-06-22 17:12:31[INFO][第9个猴子 ]正在右岸等待离出生已经3秒
2019-06-22 17:12:31[INFO][第19个猴子 ]正在左岸等待离出生已经3秒
2019-06-22 17:12:31[INFO][第7个猴子 ]正在右岸等待离出生已经3秒
2019-06-22 17:12:31[INFO][第18个猴子 ]正在左岸等待离出生已经3秒
2019-06-22 17:12:31[INFO][第2个猴子 ]正在左岸等待离出生已经3秒
2019-06-22 17:12:31[INFO][第1个猴子 ]正在第1个梯子第10个踏板，从左向右离出生已经3秒
2019-06-22 17:12:31[INFO][第20个猴子 ]正在左岸等待离出生已经3秒
2019-06-22 17:12:31[INFO][第24个猴子 ]正在第1个梯子第1个踏板，从左向右离出生已经3秒
2019-06-22 17:12:31[INFO][第10个猴子 ]正在右岸等待离出生已经3秒
2019-06-22 17:12:31[INFO][第11个猴子 ]正在左岸等待离出生已经3秒
2019-06-22 17:12:31[INFO][第12个猴子 ]正在右岸等待离出生已经3秒
2019-06-22 17:12:31[INFO][第22个猴子 ]正在右岸等待离出生已经3秒
2019-06-22 17:12:31[INFO][第3个猴子 ]正在右岸等待离出生已经3秒
2019-06-22 17:12:31[INFO][第16个猴子 ]正在左岸等待离出生已经3秒
2019-06-22 17:12:31[INFO][第25个猴子 ]正在左岸等待离出生已经3秒
2019-06-22 17:12:31[INFO][第5个猴子 ]正在右岸等待离出生已经3秒
2019-06-22 17:12:31[INFO][第23个猴子 ]正在右岸等待离出生已经3秒
2019-06-22 17:12:31[INFO][第4个猴子 ]正在右岸等待离出生已经3秒
2019-06-22 17:12:31[INFO][第21个猴子 ]正在第3个梯子第20个踏板，从右向左离出生已经3秒
2019-06-22 17:12:31[INFO][第8个猴子 ]正在左岸等待离出生已经3秒
2019-06-22 17:12:32[INFO][第28个猴子 ]正在右岸等待离出生已经1秒
2019-06-22 17:12:32[INFO][第26个猴子 ]正在左岸等待离出生已经1秒
2019-06-22 17:12:32[INFO][第29个猴子 ]正在右岸等待离出生已经1秒
2019-06-22 17:12:32[INFO][第31个猴子 ]正在右岸等待离出生已经1秒
2019-06-22 17:12:32[INFO][第49个猴子 ]正在左岸等待离出生已经1秒
2019-06-22 17:12:32[INFO][第37个猴子 ]正在左岸等待离出生已经1秒
2019-06-22 17:12:32[INFO][第32个猴子 ]正在右岸等待离出生已经1秒
2019-06-22 17:12:32[INFO][第36个猴子 ]正在右岸等待离出生已经1秒
2019-06-22 17:12:32[INFO][第46个猴子 ]正在右岸等待离出生已经1秒
2019-06-22 17:12:32[INFO][第38个猴子 ]正在右岸等待离出生已经1秒
2019-06-22 17:12:32[INFO][第47个猴子 ]正在右岸等待离出生已经1秒
2019-06-22 17:12:32[INFO][第44个猴子 ]正在左岸等待离出生已经1秒
2019-06-22 17:12:32[INFO][第34个猴子 ]正在左岸等待离出生已经1秒
2019-06-22 17:12:32[INFO][第33个猴子 ]正在左岸等待离出生已经1秒
2019-06-22 17:12:32[INFO][第35个猴子 ]正在左岸等待离出生已经1秒
2019-06-22 17:12:32[INFO][第39个猴子 ]正在右岸等待离出生已经1秒
2019-06-22 17:12:32[INFO][第42个猴子 ]正在右岸等待离出生已经1秒
2019-06-22 17:12:32[INFO][第50个猴子 ]正在右岸等待离出生已经1秒
2019-06-22 17:12:32[INFO][第40个猴子 ]正在左岸等待离出生已经1秒
2019-06-22 17:12:32[INFO][第41个猴子 ]正在右岸等待离出生已经1秒
2019-06-22 17:12:32[INFO][第43个猴子 ]正在右岸等待离出生已经1秒
2019-06-22 17:12:32[INFO][第30个猴子 ]正在右岸等待离出生已经1秒
2019-06-22 17:12:32[INFO][第17个猴子 ]正在第4个梯子第12个踏板，从右向左离出生已经4秒
2019-06-22 17:12:32[INFO][第6个猴子 ]正在第3个梯子第2个踏板，从右向左离出生已经4秒
2019-06-22 17:12:32[INFO][第14个猴子 ]正在左岸等待离出生已经4秒
2019-06-22 17:12:32[INFO][第15个猴子 ]正在左岸等待离出生已经4秒
2019-06-22 17:12:32[INFO][第19个猴子 ]正在左岸等待离出生已经4秒
2019-06-22 17:12:32[INFO][第1个猴子 ]正在第1个梯子第19个踏板，从左向右离出生已经4秒
2019-06-22 17:12:32[INFO][第2个猴子 ]正在左岸等待离出生已经4秒
2019-06-22 17:12:32[INFO][第9个猴子 ]正在右岸等待离出生已经4秒
2019-06-22 17:12:32[INFO][第20个猴子 ]正在左岸等待离出生已经4秒
2019-06-22 17:12:32[INFO][第18个猴子 ]正在左岸等待离出生已经4秒
2019-06-22 17:12:32[INFO][第7个猴子 ]正在右岸等待离出生已经4秒
2019-06-22 17:12:32[INFO][第3个猴子 ]正在右岸等待离出生已经4秒
2019-06-22 17:12:32[INFO][第12个猴子 ]正在右岸等待离出生已经4秒
2019-06-22 17:12:32[INFO][第22个猴子 ]正在右岸等待离出生已经4秒
2019-06-22 17:12:32[INFO][第25个猴子 ]正在左岸等待离出生已经4秒
2019-06-22 17:12:32[INFO][第24个猴子 ]正在第1个梯子第9个踏板，从左向右离出生已经4秒
2019-06-22 17:12:32[INFO][第10个猴子 ]正在右岸等待离出生已经4秒
2019-06-22 17:12:32[INFO][第16个猴子 ]正在左岸等待离出生已经4秒
2019-06-22 17:12:32[INFO][第11个猴子 ]正在左岸等待离出生已经4秒
2019-06-22 17:12:32[INFO][第23个猴子 ]正在右岸等待离出生已经4秒
2019-06-22 17:12:32[INFO][第4个猴子 ]正在右岸等待离出生已经4秒
2019-06-22 17:12:32[INFO][第8个猴子 ]正在左岸等待离出生已经4秒
2019-06-22 17:12:32[INFO][第21个猴子 ]正在第3个梯子第12个踏板，从右向左离出生已经4秒
2019-06-22 17:12:32[INFO][第5个猴子 ]正在右岸等待离出生已经4秒
2019-06-22 17:12:32[INFO][第13个猴子 ]正在第1个梯子第1个踏板，从左向右离出生已经4秒
2019-06-22 17:12:33[INFO][第28个猴子 ]正在右岸等待离出生已经2秒
2019-06-22 17:12:33[INFO][第27个猴子 ]正在第2个梯子第1个踏板，从左向右离出生已经2秒
2019-06-22 17:12:33[INFO][第29个猴子 ]正在右岸等待离出生已经2秒
2019-06-22 17:12:33[INFO][第26个猴子 ]正在左岸等待离出生已经2秒
2019-06-22 17:12:33[INFO][第31个猴子 ]正在右岸等待离出生已经2秒
2019-06-22 17:12:33[INFO][第40个猴子 ]正在左岸等待离出生已经2秒
2019-06-22 17:12:33[INFO][第33个猴子 ]正在左岸等待离出生已经2秒
2019-06-22 17:12:33[INFO][第48个猴子 ]正在第3个梯子第20个踏板，从右向左离出生已经2秒
2019-06-22 17:12:33[INFO][第37个猴子 ]正在左岸等待离出生已经2秒
2019-06-22 17:12:33[INFO][第49个猴子 ]正在左岸等待离出生已经2秒
2019-06-22 17:12:33[INFO][第45个猴子 ]正在左岸等待离出生已经2秒
2019-06-22 17:12:33[INFO][第36个猴子 ]正在右岸等待离出生已经2秒
2019-06-22 17:12:33[INFO][第32个猴子 ]正在右岸等待离出生已经2秒
2019-06-22 17:12:33[INFO][第44个猴子 ]正在左岸等待离出生已经2秒
2019-06-22 17:12:33[INFO][第38个猴子 ]正在右岸等待离出生已经2秒
2019-06-22 17:12:33[INFO][第34个猴子 ]正在左岸等待离出生已经2秒
2019-06-22 17:12:33[INFO][第47个猴子 ]正在右岸等待离出生已经2秒
2019-06-22 17:12:33[INFO][第50个猴子 ]正在右岸等待离出生已经2秒
2019-06-22 17:12:33[INFO][第41个猴子 ]正在右岸等待离出生已经2秒
2019-06-22 17:12:33[INFO][第43个猴子 ]正在右岸等待离出生已经2秒
2019-06-22 17:12:33[INFO][第30个猴子 ]正在右岸等待离出生已经2秒
2019-06-22 17:12:33[INFO][第39个猴子 ]正在右岸等待离出生已经2秒
2019-06-22 17:12:33[INFO][第35个猴子 ]正在左岸等待离出生已经2秒
2019-06-22 17:12:33[INFO][第17个猴子 ]正在第4个梯子第4个踏板，从右向左离出生已经5秒
2019-06-22 17:12:33[INFO][第6个猴子 ]抵达左岸总耗时5秒
2019-06-22 17:12:33[INFO][第14个猴子 ]正在左岸等待离出生已经5秒
2019-06-22 17:12:33[INFO][第15个猴子 ]正在左岸等待离出生已经5秒
2019-06-22 17:12:33[INFO][第2个猴子 ]正在左岸等待离出生已经5秒
2019-06-22 17:12:33[INFO][第1个猴子 ]抵达右岸总耗时5秒
2019-06-22 17:12:33[INFO][第9个猴子 ]正在右岸等待离出生已经5秒
2019-06-22 17:12:33[INFO][第19个猴子 ]正在左岸等待离出生已经5秒
2019-06-22 17:12:33[INFO][第18个猴子 ]正在左岸等待离出生已经5秒
2019-06-22 17:12:33[INFO][第20个猴子 ]正在左岸等待离出生已经5秒
2019-06-22 17:12:33[INFO][第24个猴子 ]正在第1个梯子第17个踏板，从左向右离出生已经5秒
2019-06-22 17:12:33[INFO][第22个猴子 ]正在右岸等待离出生已经5秒
2019-06-22 17:12:33[INFO][第3个猴子 ]正在右岸等待离出生已经5秒
2019-06-22 17:12:33[INFO][第25个猴子 ]正在左岸等待离出生已经5秒
2019-06-22 17:12:33[INFO][第7个猴子 ]正在右岸等待离出生已经5秒
2019-06-22 17:12:33[INFO][第12个猴子 ]正在右岸等待离出生已经5秒
2019-06-22 17:12:33[INFO][第16个猴子 ]正在左岸等待离出生已经5秒
2019-06-22 17:12:33[INFO][第13个猴子 ]正在第1个梯子第8个踏板，从左向右离出生已经5秒
2019-06-22 17:12:33[INFO][第8个猴子 ]正在左岸等待离出生已经5秒
2019-06-22 17:12:33[INFO][第4个猴子 ]正在右岸等待离出生已经5秒
2019-06-22 17:12:33[INFO][第11个猴子 ]正在左岸等待离出生已经5秒
2019-06-22 17:12:33[INFO][第21个猴子 ]正在第3个梯子第4个踏板，从右向左离出生已经5秒
2019-06-22 17:12:33[INFO][第5个猴子 ]正在右岸等待离出生已经5秒
2019-06-22 17:12:33[INFO][第23个猴子 ]正在右岸等待离出生已经5秒
2019-06-22 17:12:34[INFO][第29个猴子 ]正在右岸等待离出生已经3秒
2019-06-22 17:12:34[INFO][第28个猴子 ]正在右岸等待离出生已经3秒
2019-06-22 17:12:34[INFO][第27个猴子 ]正在第2个梯子第8个踏板，从左向右离出生已经3秒
2019-06-22 17:12:34[INFO][第26个猴子 ]正在左岸等待离出生已经3秒
2019-06-22 17:12:34[INFO][第51个猴子 ]正在右岸等待离出生已经0秒
2019-06-22 17:12:34[INFO][第53个猴子 ]正在左岸等待离出生已经0秒
2019-06-22 17:12:34[INFO][第52个猴子 ]正在右岸等待离出生已经0秒
2019-06-22 17:12:34[INFO][第55个猴子 ]正在右岸等待离出生已经0秒
2019-06-22 17:12:34[INFO][第54个猴子 ]正在右岸等待离出生已经0秒
2019-06-22 17:12:34[INFO][第56个猴子 ]正在左岸等待离出生已经0秒
2019-06-22 17:12:34[INFO][第57个猴子 ]正在右岸等待离出生已经0秒
2019-06-22 17:12:34[INFO][第58个猴子 ]正在左岸等待离出生已经0秒
2019-06-22 17:12:34[INFO][第59个猴子 ]正在右岸等待离出生已经0秒
2019-06-22 17:12:34[INFO][第60个猴子 ]正在左岸等待离出生已经0秒
2019-06-22 17:12:34[INFO][第61个猴子 ]正在右岸等待离出生已经0秒
2019-06-22 17:12:34[INFO][第62个猴子 ]正在左岸等待离出生已经0秒
2019-06-22 17:12:34[INFO][第63个猴子 ]正在右岸等待离出生已经0秒
2019-06-22 17:12:34[INFO][第65个猴子 ]正在左岸等待离出生已经0秒
2019-06-22 17:12:34[INFO][第64个猴子 ]正在左岸等待离出生已经0秒
2019-06-22 17:12:34[INFO][第66个猴子 ]正在右岸等待离出生已经0秒
2019-06-22 17:12:34[INFO][第67个猴子 ]正在左岸等待离出生已经0秒
2019-06-22 17:12:34[INFO][第68个猴子 ]正在左岸等待离出生已经0秒
2019-06-22 17:12:34[INFO][第69个猴子 ]正在右岸等待离出生已经0秒
2019-06-22 17:12:34[INFO][第71个猴子 ]正在右岸等待离出生已经0秒
2019-06-22 17:12:34[INFO][第70个猴子 ]正在左岸等待离出生已经0秒
2019-06-22 17:12:34[INFO][第72个猴子 ]正在左岸等待离出生已经0秒
2019-06-22 17:12:34[INFO][第73个猴子 ]正在左岸等待离出生已经0秒
2019-06-22 17:12:34[INFO][第74个猴子 ]正在左岸等待离出生已经0秒
2019-06-22 17:12:34[INFO][第75个猴子 ]正在左岸等待离出生已经0秒
2019-06-22 17:12:34[INFO][第31个猴子 ]正在右岸等待离出生已经3秒
2019-06-22 17:12:34[INFO][第46个猴子 ]正在第5个梯子第20个踏板，从右向左离出生已经3秒
2019-06-22 17:12:34[INFO][第45个猴子 ]正在第1个梯子第1个踏板，从左向右离出生已经3秒
2019-06-22 17:12:34[INFO][第36个猴子 ]正在右岸等待离出生已经3秒
2019-06-22 17:12:34[INFO][第40个猴子 ]正在左岸等待离出生已经3秒
2019-06-22 17:12:34[INFO][第42个猴子 ]正在第4个梯子第20个踏板，从右向左离出生已经3秒
2019-06-22 17:12:34[INFO][第33个猴子 ]正在左岸等待离出生已经3秒
2019-06-22 17:12:34[INFO][第37个猴子 ]正在左岸等待离出生已经3秒
2019-06-22 17:12:34[INFO][第48个猴子 ]正在第3个梯子第11个踏板，从右向左离出生已经3秒
2019-06-22 17:12:34[INFO][第32个猴子 ]正在右岸等待离出生已经3秒
2019-06-22 17:12:34[INFO][第49个猴子 ]正在左岸等待离出生已经3秒
2019-06-22 17:12:34[INFO][第39个猴子 ]正在右岸等待离出生已经3秒
2019-06-22 17:12:34[INFO][第44个猴子 ]正在左岸等待离出生已经3秒
2019-06-22 17:12:34[INFO][第30个猴子 ]正在右岸等待离出生已经3秒
2019-06-22 17:12:34[INFO][第35个猴子 ]正在左岸等待离出生已经3秒
2019-06-22 17:12:34[INFO][第38个猴子 ]正在右岸等待离出生已经3秒
2019-06-22 17:12:34[INFO][第41个猴子 ]正在右岸等待离出生已经3秒
2019-06-22 17:12:34[INFO][第50个猴子 ]正在右岸等待离出生已经3秒
2019-06-22 17:12:34[INFO][第43个猴子 ]正在右岸等待离出生已经3秒
2019-06-22 17:12:34[INFO][第47个猴子 ]正在右岸等待离出生已经3秒
2019-06-22 17:12:34[INFO][第17个猴子 ]抵达左岸总耗时6秒
2019-06-22 17:12:34[INFO][第2个猴子 ]正在左岸等待离出生已经6秒
2019-06-22 17:12:34[INFO][第18个猴子 ]正在左岸等待离出生已经6秒
2019-06-22 17:12:34[INFO][第19个猴子 ]正在左岸等待离出生已经6秒
2019-06-22 17:12:34[INFO][第15个猴子 ]正在左岸等待离出生已经6秒
2019-06-22 17:12:34[INFO][第20个猴子 ]正在左岸等待离出生已经6秒
2019-06-22 17:12:34[INFO][第14个猴子 ]正在左岸等待离出生已经6秒
2019-06-22 17:12:34[INFO][第9个猴子 ]正在右岸等待离出生已经6秒
2019-06-22 17:12:34[INFO][第22个猴子 ]正在右岸等待离出生已经6秒
2019-06-22 17:12:34[INFO][第3个猴子 ]正在右岸等待离出生已经6秒
2019-06-22 17:12:34[INFO][第7个猴子 ]正在右岸等待离出生已经6秒
2019-06-22 17:12:34[INFO][第24个猴子 ]抵达右岸总耗时6秒
2019-06-22 17:12:34[INFO][第25个猴子 ]正在左岸等待离出生已经6秒
2019-06-22 17:12:34[INFO][第10个猴子 ]正在第3个梯子第20个踏板，从右向左离出生已经6秒
2019-06-22 17:12:34[INFO][第16个猴子 ]正在左岸等待离出生已经6秒
2019-06-22 17:12:34[INFO][第4个猴子 ]正在右岸等待离出生已经6秒
2019-06-22 17:12:34[INFO][第11个猴子 ]正在左岸等待离出生已经6秒
2019-06-22 17:12:34[INFO][第8个猴子 ]正在左岸等待离出生已经6秒
2019-06-22 17:12:34[INFO][第13个猴子 ]正在第1个梯子第15个踏板，从左向右离出生已经6秒
2019-06-22 17:12:34[INFO][第5个猴子 ]正在右岸等待离出生已经6秒
2019-06-22 17:12:34[INFO][第23个猴子 ]正在右岸等待离出生已经6秒
2019-06-22 17:12:34[INFO][第21个猴子 ]抵达左岸总耗时6秒
2019-06-22 17:12:35[INFO][第28个猴子 ]正在右岸等待离出生已经4秒
2019-06-22 17:12:35[INFO][第26个猴子 ]正在左岸等待离出生已经4秒
2019-06-22 17:12:35[INFO][第52个猴子 ]正在右岸等待离出生已经1秒
2019-06-22 17:12:35[INFO][第29个猴子 ]正在右岸等待离出生已经4秒
2019-06-22 17:12:35[INFO][第27个猴子 ]正在第2个梯子第15个踏板，从左向右离出生已经4秒
2019-06-22 17:12:35[INFO][第55个猴子 ]正在右岸等待离出生已经1秒
2019-06-22 17:12:35[INFO][第63个猴子 ]正在右岸等待离出生已经1秒
2019-06-22 17:12:35[INFO][第60个猴子 ]正在左岸等待离出生已经1秒
2019-06-22 17:12:35[INFO][第57个猴子 ]正在右岸等待离出生已经1秒
2019-06-22 17:12:35[INFO][第62个猴子 ]正在左岸等待离出生已经1秒
2019-06-22 17:12:35[INFO][第71个猴子 ]正在右岸等待离出生已经1秒
2019-06-22 17:12:35[INFO][第66个猴子 ]正在右岸等待离出生已经1秒
2019-06-22 17:12:35[INFO][第72个猴子 ]正在左岸等待离出生已经1秒
2019-06-22 17:12:35[INFO][第69个猴子 ]正在右岸等待离出生已经1秒
2019-06-22 17:12:35[INFO][第67个猴子 ]正在左岸等待离出生已经1秒
2019-06-22 17:12:35[INFO][第61个猴子 ]正在右岸等待离出生已经1秒
2019-06-22 17:12:35[INFO][第70个猴子 ]正在左岸等待离出生已经1秒
2019-06-22 17:12:35[INFO][第56个猴子 ]正在左岸等待离出生已经1秒
2019-06-22 17:12:35[INFO][第65个猴子 ]正在左岸等待离出生已经1秒
2019-06-22 17:12:35[INFO][第64个猴子 ]正在左岸等待离出生已经1秒
2019-06-22 17:12:35[INFO][第75个猴子 ]正在左岸等待离出生已经1秒
2019-06-22 17:12:35[INFO][第74个猴子 ]正在左岸等待离出生已经1秒
2019-06-22 17:12:35[INFO][第73个猴子 ]正在左岸等待离出生已经1秒
2019-06-22 17:12:35[INFO][第54个猴子 ]正在右岸等待离出生已经1秒
2019-06-22 17:12:35[INFO][第31个猴子 ]正在右岸等待离出生已经4秒
2019-06-22 17:12:35[INFO][第40个猴子 ]正在左岸等待离出生已经4秒
2019-06-22 17:12:35[INFO][第36个猴子 ]正在右岸等待离出生已经4秒
2019-06-22 17:12:35[INFO][第46个猴子 ]正在第5个梯子第13个踏板，从右向左离出生已经4秒
2019-06-22 17:12:35[INFO][第42个猴子 ]正在第4个梯子第13个踏板，从右向左离出生已经4秒
2019-06-22 17:12:35[INFO][第45个猴子 ]正在第1个梯子第10个踏板，从左向右离出生已经4秒
2019-06-22 17:12:35[INFO][第33个猴子 ]正在左岸等待离出生已经4秒
2019-06-22 17:12:35[INFO][第32个猴子 ]正在右岸等待离出生已经4秒
2019-06-22 17:12:35[INFO][第37个猴子 ]正在左岸等待离出生已经4秒
2019-06-22 17:12:35[INFO][第48个猴子 ]正在第3个梯子第2个踏板，从右向左离出生已经4秒
2019-06-22 17:12:35[INFO][第38个猴子 ]正在右岸等待离出生已经4秒
2019-06-22 17:12:35[INFO][第35个猴子 ]正在左岸等待离出生已经4秒
2019-06-22 17:12:35[INFO][第44个猴子 ]正在左岸等待离出生已经4秒
2019-06-22 17:12:35[INFO][第41个猴子 ]正在右岸等待离出生已经4秒
2019-06-22 17:12:35[INFO][第49个猴子 ]正在左岸等待离出生已经4秒
2019-06-22 17:12:35[INFO][第30个猴子 ]正在右岸等待离出生已经4秒
2019-06-22 17:12:35[INFO][第39个猴子 ]正在右岸等待离出生已经4秒
2019-06-22 17:12:35[INFO][第34个猴子 ]正在第1个梯子第1个踏板，从左向右离出生已经4秒
2019-06-22 17:12:35[INFO][第47个猴子 ]正在右岸等待离出生已经4秒
2019-06-22 17:12:35[INFO][第43个猴子 ]正在右岸等待离出生已经4秒
2019-06-22 17:12:35[INFO][第50个猴子 ]正在右岸等待离出生已经4秒
2019-06-22 17:12:35[INFO][第19个猴子 ]正在左岸等待离出生已经7秒
2019-06-22 17:12:35[INFO][第18个猴子 ]正在左岸等待离出生已经7秒
2019-06-22 17:12:35[INFO][第2个猴子 ]正在左岸等待离出生已经7秒
2019-06-22 17:12:35[INFO][第14个猴子 ]正在左岸等待离出生已经7秒
2019-06-22 17:12:35[INFO][第20个猴子 ]正在左岸等待离出生已经7秒
2019-06-22 17:12:35[INFO][第15个猴子 ]正在左岸等待离出生已经7秒
2019-06-22 17:12:35[INFO][第9个猴子 ]正在右岸等待离出生已经7秒
2019-06-22 17:12:35[INFO][第22个猴子 ]正在右岸等待离出生已经7秒
2019-06-22 17:12:35[INFO][第12个猴子 ]正在第4个梯子第20个踏板，从右向左离出生已经7秒
2019-06-22 17:12:35[INFO][第3个猴子 ]正在右岸等待离出生已经7秒
2019-06-22 17:12:35[INFO][第7个猴子 ]正在右岸等待离出生已经7秒
2019-06-22 17:12:35[INFO][第16个猴子 ]正在左岸等待离出生已经7秒
2019-06-22 17:12:35[INFO][第25个猴子 ]正在左岸等待离出生已经7秒
2019-06-22 17:12:35[INFO][第4个猴子 ]正在右岸等待离出生已经7秒
2019-06-22 17:12:35[INFO][第13个猴子 ]抵达右岸总耗时7秒
2019-06-22 17:12:35[INFO][第11个猴子 ]正在左岸等待离出生已经7秒
2019-06-22 17:12:35[INFO][第10个猴子 ]正在第3个梯子第13个踏板，从右向左离出生已经7秒
2019-06-22 17:12:35[INFO][第8个猴子 ]正在左岸等待离出生已经7秒
2019-06-22 17:12:35[INFO][第23个猴子 ]正在右岸等待离出生已经7秒
2019-06-22 17:12:35[INFO][第5个猴子 ]正在右岸等待离出生已经7秒
2019-06-22 17:12:36[INFO][第28个猴子 ]正在右岸等待离出生已经5秒
2019-06-22 17:12:36[INFO][第51个猴子 ]正在第3个梯子第20个踏板，从右向左离出生已经2秒
2019-06-22 17:12:36[INFO][第55个猴子 ]正在右岸等待离出生已经2秒
2019-06-22 17:12:36[INFO][第26个猴子 ]正在左岸等待离出生已经5秒
2019-06-22 17:12:36[INFO][第27个猴子 ]抵达右岸总耗时5秒
2019-06-22 17:12:36[INFO][第53个猴子 ]正在第2个梯子第1个踏板，从左向右离出生已经2秒
2019-06-22 17:12:36[INFO][第29个猴子 ]正在右岸等待离出生已经5秒
2019-06-22 17:12:36[INFO][第52个猴子 ]正在右岸等待离出生已经2秒
2019-06-22 17:12:36[INFO][第56个猴子 ]正在左岸等待离出生已经2秒
2019-06-22 17:12:36[INFO][第67个猴子 ]正在左岸等待离出生已经2秒
2019-06-22 17:12:36[INFO][第59个猴子 ]正在第5个梯子第20个踏板，从右向左离出生已经2秒
2019-06-22 17:12:36[INFO][第66个猴子 ]正在右岸等待离出生已经2秒
2019-06-22 17:12:36[INFO][第71个猴子 ]正在右岸等待离出生已经2秒
2019-06-22 17:12:36[INFO][第62个猴子 ]正在左岸等待离出生已经2秒
2019-06-22 17:12:36[INFO][第57个猴子 ]正在右岸等待离出生已经2秒
2019-06-22 17:12:36[INFO][第72个猴子 ]正在左岸等待离出生已经2秒
2019-06-22 17:12:36[INFO][第69个猴子 ]正在右岸等待离出生已经2秒
2019-06-22 17:12:36[INFO][第58个猴子 ]正在左岸等待离出生已经2秒
2019-06-22 17:12:36[INFO][第70个猴子 ]正在左岸等待离出生已经2秒
2019-06-22 17:12:36[INFO][第65个猴子 ]正在左岸等待离出生已经2秒
2019-06-22 17:12:36[INFO][第60个猴子 ]正在左岸等待离出生已经2秒
2019-06-22 17:12:36[INFO][第61个猴子 ]正在右岸等待离出生已经2秒
2019-06-22 17:12:36[INFO][第68个猴子 ]正在左岸等待离出生已经2秒
2019-06-22 17:12:36[INFO][第64个猴子 ]正在左岸等待离出生已经2秒
2019-06-22 17:12:36[INFO][第75个猴子 ]正在左岸等待离出生已经2秒
2019-06-22 17:12:36[INFO][第73个猴子 ]正在左岸等待离出生已经2秒
2019-06-22 17:12:36[INFO][第74个猴子 ]正在左岸等待离出生已经2秒
2019-06-22 17:12:36[INFO][第54个猴子 ]正在右岸等待离出生已经2秒
2019-06-22 17:12:36[INFO][第31个猴子 ]正在右岸等待离出生已经5秒
2019-06-22 17:12:36[INFO][第48个猴子 ]抵达左岸总耗时5秒
2019-06-22 17:12:36[INFO][第33个猴子 ]正在左岸等待离出生已经5秒
2019-06-22 17:12:36[INFO][第40个猴子 ]正在左岸等待离出生已经5秒
2019-06-22 17:12:36[INFO][第42个猴子 ]正在第4个梯子第6个踏板，从右向左离出生已经5秒
2019-06-22 17:12:36[INFO][第45个猴子 ]正在第1个梯子第19个踏板，从左向右离出生已经5秒
2019-06-22 17:12:36[INFO][第46个猴子 ]正在第5个梯子第6个踏板，从右向左离出生已经5秒
2019-06-22 17:12:36[INFO][第32个猴子 ]正在右岸等待离出生已经5秒
2019-06-22 17:12:36[INFO][第37个猴子 ]正在左岸等待离出生已经5秒
2019-06-22 17:12:36[INFO][第36个猴子 ]正在右岸等待离出生已经5秒
2019-06-22 17:12:36[INFO][第47个猴子 ]正在右岸等待离出生已经5秒
2019-06-22 17:12:36[INFO][第38个猴子 ]正在右岸等待离出生已经5秒
2019-06-22 17:12:36[INFO][第44个猴子 ]正在左岸等待离出生已经5秒
2019-06-22 17:12:36[INFO][第41个猴子 ]正在右岸等待离出生已经5秒
2019-06-22 17:12:36[INFO][第35个猴子 ]正在左岸等待离出生已经5秒
2019-06-22 17:12:36[INFO][第34个猴子 ]正在第1个梯子第9个踏板，从左向右离出生已经5秒
2019-06-22 17:12:36[INFO][第43个猴子 ]正在右岸等待离出生已经5秒
2019-06-22 17:12:36[INFO][第30个猴子 ]正在右岸等待离出生已经5秒
2019-06-22 17:12:36[INFO][第50个猴子 ]正在右岸等待离出生已经5秒
2019-06-22 17:12:36[INFO][第49个猴子 ]正在左岸等待离出生已经5秒
2019-06-22 17:12:36[INFO][第39个猴子 ]正在右岸等待离出生已经5秒
2019-06-22 17:12:36[INFO][第20个猴子 ]正在左岸等待离出生已经8秒
2019-06-22 17:12:36[INFO][第2个猴子 ]正在左岸等待离出生已经8秒
2019-06-22 17:12:36[INFO][第18个猴子 ]正在左岸等待离出生已经8秒
2019-06-22 17:12:36[INFO][第14个猴子 ]正在左岸等待离出生已经8秒
2019-06-22 17:12:36[INFO][第19个猴子 ]正在左岸等待离出生已经8秒
2019-06-22 17:12:36[INFO][第15个猴子 ]正在左岸等待离出生已经8秒
2019-06-22 17:12:36[INFO][第9个猴子 ]正在右岸等待离出生已经8秒
2019-06-22 17:12:36[INFO][第12个猴子 ]正在第4个梯子第14个踏板，从右向左离出生已经8秒
2019-06-22 17:12:36[INFO][第22个猴子 ]正在右岸等待离出生已经8秒
2019-06-22 17:12:36[INFO][第7个猴子 ]正在右岸等待离出生已经8秒
2019-06-22 17:12:36[INFO][第3个猴子 ]正在右岸等待离出生已经8秒
2019-06-22 17:12:36[INFO][第4个猴子 ]正在右岸等待离出生已经8秒
2019-06-22 17:12:36[INFO][第11个猴子 ]正在左岸等待离出生已经8秒
2019-06-22 17:12:36[INFO][第25个猴子 ]正在左岸等待离出生已经8秒
2019-06-22 17:12:36[INFO][第16个猴子 ]正在左岸等待离出生已经8秒
2019-06-22 17:12:36[INFO][第23个猴子 ]正在右岸等待离出生已经8秒
2019-06-22 17:12:36[INFO][第10个猴子 ]正在第3个梯子第6个踏板，从右向左离出生已经8秒
2019-06-22 17:12:36[INFO][第5个猴子 ]正在右岸等待离出生已经8秒
2019-06-22 17:12:36[INFO][第8个猴子 ]正在左岸等待离出生已经8秒
2019-06-22 17:12:37[INFO][第26个猴子 ]正在左岸等待离出生已经6秒
2019-06-22 17:12:37[INFO][第51个猴子 ]正在第3个梯子第12个踏板，从右向左离出生已经3秒
2019-06-22 17:12:37[INFO][第28个猴子 ]正在右岸等待离出生已经6秒
2019-06-22 17:12:37[INFO][第55个猴子 ]正在右岸等待离出生已经3秒
2019-06-22 17:12:37[INFO][第53个猴子 ]正在第2个梯子第9个踏板，从左向右离出生已经3秒
2019-06-22 17:12:37[INFO][第29个猴子 ]正在右岸等待离出生已经6秒
2019-06-22 17:12:37[INFO][第52个猴子 ]正在右岸等待离出生已经3秒
2019-06-22 17:12:37[INFO][第76个猴子 ]正在左岸等待离出生已经0秒
2019-06-22 17:12:37[INFO][第77个猴子 ]正在左岸等待离出生已经0秒
2019-06-22 17:12:37[INFO][第78个猴子 ]正在左岸等待离出生已经0秒
2019-06-22 17:12:37[INFO][第79个猴子 ]正在右岸等待离出生已经0秒
2019-06-22 17:12:37[INFO][第72个猴子 ]正在左岸等待离出生已经3秒
2019-06-22 17:12:37[INFO][第81个猴子 ]正在左岸等待离出生已经0秒
2019-06-22 17:12:37[INFO][第80个猴子 ]正在左岸等待离出生已经0秒
2019-06-22 17:12:37[INFO][第83个猴子 ]正在右岸等待离出生已经0秒
2019-06-22 17:12:37[INFO][第82个猴子 ]正在右岸等待离出生已经0秒
2019-06-22 17:12:37[INFO][第69个猴子 ]正在右岸等待离出生已经3秒
2019-06-22 17:12:37[INFO][第63个猴子 ]正在第3个梯子第20个踏板，从右向左离出生已经3秒
2019-06-22 17:12:37[INFO][第56个猴子 ]正在左岸等待离出生已经3秒
2019-06-22 17:12:37[INFO][第67个猴子 ]正在左岸等待离出生已经3秒
2019-06-22 17:12:37[INFO][第88个猴子 ]正在右岸等待离出生已经0秒
2019-06-22 17:12:37[INFO][第59个猴子 ]正在第5个梯子第11个踏板，从右向左离出生已经3秒
2019-06-22 17:12:37[INFO][第66个猴子 ]正在右岸等待离出生已经3秒
2019-06-22 17:12:37[INFO][第71个猴子 ]正在右岸等待离出生已经3秒
2019-06-22 17:12:37[INFO][第90个猴子 ]正在右岸等待离出生已经0秒
2019-06-22 17:12:37[INFO][第62个猴子 ]正在左岸等待离出生已经3秒
2019-06-22 17:12:37[INFO][第58个猴子 ]正在第1个梯子第1个踏板，从左向右离出生已经3秒
2019-06-22 17:12:37[INFO][第61个猴子 ]正在右岸等待离出生已经3秒
2019-06-22 17:12:37[INFO][第89个猴子 ]正在左岸等待离出生已经0秒
2019-06-22 17:12:37[INFO][第87个猴子 ]正在右岸等待离出生已经0秒
2019-06-22 17:12:37[INFO][第86个猴子 ]正在右岸等待离出生已经0秒
2019-06-22 17:12:37[INFO][第85个猴子 ]正在右岸等待离出生已经0秒
2019-06-22 17:12:37[INFO][第84个猴子 ]正在右岸等待离出生已经0秒
2019-06-22 17:12:37[INFO][第95个猴子 ]正在右岸等待离出生已经0秒
2019-06-22 17:12:37[INFO][第94个猴子 ]正在左岸等待离出生已经0秒
2019-06-22 17:12:37[INFO][第98个猴子 ]正在右岸等待离出生已经0秒
2019-06-22 17:12:37[INFO][第93个猴子 ]正在左岸等待离出生已经0秒
2019-06-22 17:12:37[INFO][第99个猴子 ]正在左岸等待离出生已经0秒
2019-06-22 17:12:37[INFO][第91个猴子 ]正在右岸等待离出生已经0秒
2019-06-22 17:12:37[INFO][第100个猴子 ]正在右岸等待离出生已经0秒
2019-06-22 17:12:37[INFO][第92个猴子 ]正在左岸等待离出生已经0秒
2019-06-22 17:12:37[INFO][第70个猴子 ]正在左岸等待离出生已经3秒
2019-06-22 17:12:37[INFO][第68个猴子 ]正在第2个梯子第1个踏板，从左向右离出生已经3秒
2019-06-22 17:12:37[INFO][第75个猴子 ]正在左岸等待离出生已经3秒
2019-06-22 17:12:37[INFO][第65个猴子 ]正在左岸等待离出生已经3秒
2019-06-22 17:12:37[INFO][第60个猴子 ]正在左岸等待离出生已经3秒
2019-06-22 17:12:37[INFO][第74个猴子 ]正在左岸等待离出生已经3秒
2019-06-22 17:12:37[INFO][第73个猴子 ]正在左岸等待离出生已经3秒
2019-06-22 17:12:37[INFO][第97个猴子 ]正在右岸等待离出生已经0秒
2019-06-22 17:12:37[INFO][第96个猴子 ]正在右岸等待离出生已经0秒
2019-06-22 17:12:37[INFO][第54个猴子 ]正在右岸等待离出生已经3秒
2019-06-22 17:12:37[INFO][第31个猴子 ]正在右岸等待离出生已经6秒
2019-06-22 17:12:37[INFO][第33个猴子 ]正在左岸等待离出生已经6秒
2019-06-22 17:12:37[INFO][第40个猴子 ]正在左岸等待离出生已经6秒
2019-06-22 17:12:37[INFO][第45个猴子 ]抵达右岸总耗时6秒
2019-06-22 17:12:37[INFO][第42个猴子 ]抵达左岸总耗时6秒
2019-06-22 17:12:37[INFO][第32个猴子 ]正在右岸等待离出生已经6秒
2019-06-22 17:12:37[INFO][第36个猴子 ]正在右岸等待离出生已经6秒
2019-06-22 17:12:37[INFO][第46个猴子 ]抵达左岸总耗时6秒
2019-06-22 17:12:37[INFO][第38个猴子 ]正在右岸等待离出生已经6秒
2019-06-22 17:12:37[INFO][第41个猴子 ]正在右岸等待离出生已经6秒
2019-06-22 17:12:37[INFO][第44个猴子 ]正在左岸等待离出生已经6秒
2019-06-22 17:12:37[INFO][第35个猴子 ]正在左岸等待离出生已经6秒
2019-06-22 17:12:37[INFO][第43个猴子 ]正在右岸等待离出生已经6秒
2019-06-22 17:12:37[INFO][第30个猴子 ]正在右岸等待离出生已经6秒
2019-06-22 17:12:37[INFO][第50个猴子 ]正在右岸等待离出生已经6秒
2019-06-22 17:12:37[INFO][第34个猴子 ]正在第1个梯子第17个踏板，从左向右离出生已经6秒
2019-06-22 17:12:37[INFO][第39个猴子 ]正在右岸等待离出生已经6秒
2019-06-22 17:12:37[INFO][第49个猴子 ]正在左岸等待离出生已经6秒
2019-06-22 17:12:37[INFO][第47个猴子 ]正在右岸等待离出生已经6秒
2019-06-22 17:12:37[INFO][第2个猴子 ]正在左岸等待离出生已经9秒
2019-06-22 17:12:37[INFO][第18个猴子 ]正在左岸等待离出生已经9秒
2019-06-22 17:12:37[INFO][第20个猴子 ]正在左岸等待离出生已经9秒
2019-06-22 17:12:37[INFO][第14个猴子 ]正在左岸等待离出生已经9秒
2019-06-22 17:12:37[INFO][第9个猴子 ]正在右岸等待离出生已经9秒
2019-06-22 17:12:37[INFO][第19个猴子 ]正在左岸等待离出生已经9秒
2019-06-22 17:12:37[INFO][第15个猴子 ]正在左岸等待离出生已经9秒
2019-06-22 17:12:37[INFO][第7个猴子 ]正在右岸等待离出生已经9秒
2019-06-22 17:12:37[INFO][第22个猴子 ]正在右岸等待离出生已经9秒
2019-06-22 17:12:37[INFO][第12个猴子 ]正在第4个梯子第8个踏板，从右向左离出生已经9秒
2019-06-22 17:12:37[INFO][第3个猴子 ]正在右岸等待离出生已经9秒
2019-06-22 17:12:37[INFO][第16个猴子 ]正在左岸等待离出生已经9秒
2019-06-22 17:12:37[INFO][第4个猴子 ]正在右岸等待离出生已经9秒
2019-06-22 17:12:37[INFO][第11个猴子 ]正在左岸等待离出生已经9秒
2019-06-22 17:12:37[INFO][第25个猴子 ]正在左岸等待离出生已经9秒
2019-06-22 17:12:37[INFO][第8个猴子 ]正在左岸等待离出生已经9秒
2019-06-22 17:12:37[INFO][第10个猴子 ]抵达左岸总耗时9秒
2019-06-22 17:12:37[INFO][第5个猴子 ]正在右岸等待离出生已经9秒
2019-06-22 17:12:37[INFO][第23个猴子 ]正在右岸等待离出生已经9秒
2019-06-22 17:12:38[INFO][第55个猴子 ]正在右岸等待离出生已经4秒
2019-06-22 17:12:38[INFO][第28个猴子 ]正在右岸等待离出生已经7秒
2019-06-22 17:12:38[INFO][第51个猴子 ]正在第3个梯子第4个踏板，从右向左离出生已经4秒
2019-06-22 17:12:38[INFO][第26个猴子 ]正在左岸等待离出生已经7秒
2019-06-22 17:12:38[INFO][第56个猴子 ]正在左岸等待离出生已经4秒
2019-06-22 17:12:38[INFO][第90个猴子 ]正在右岸等待离出生已经1秒
2019-06-22 17:12:38[INFO][第63个猴子 ]正在第3个梯子第12个踏板，从右向左离出生已经4秒
2019-06-22 17:12:38[INFO][第82个猴子 ]正在右岸等待离出生已经1秒
2019-06-22 17:12:38[INFO][第52个猴子 ]正在右岸等待离出生已经4秒
2019-06-22 17:12:38[INFO][第77个猴子 ]正在左岸等待离出生已经1秒
2019-06-22 17:12:38[INFO][第78个猴子 ]正在左岸等待离出生已经1秒
2019-06-22 17:12:38[INFO][第29个猴子 ]正在右岸等待离出生已经7秒
2019-06-22 17:12:38[INFO][第92个猴子 ]正在左岸等待离出生已经1秒
2019-06-22 17:12:38[INFO][第67个猴子 ]正在左岸等待离出生已经4秒
2019-06-22 17:12:38[INFO][第59个猴子 ]正在第5个梯子第2个踏板，从右向左离出生已经4秒
2019-06-22 17:12:38[INFO][第66个猴子 ]正在右岸等待离出生已经4秒
2019-06-22 17:12:38[INFO][第69个猴子 ]正在右岸等待离出生已经4秒
2019-06-22 17:12:38[INFO][第71个猴子 ]正在右岸等待离出生已经4秒
2019-06-22 17:12:38[INFO][第53个猴子 ]正在第2个梯子第17个踏板，从左向右离出生已经4秒
2019-06-22 17:12:38[INFO][第98个猴子 ]正在右岸等待离出生已经1秒
2019-06-22 17:12:38[INFO][第99个猴子 ]正在左岸等待离出生已经1秒
2019-06-22 17:12:38[INFO][第62个猴子 ]正在左岸等待离出生已经4秒
2019-06-22 17:12:38[INFO][第58个猴子 ]正在第1个梯子第10个踏板，从左向右离出生已经4秒
2019-06-22 17:12:38[INFO][第87个猴子 ]正在右岸等待离出生已经1秒
2019-06-22 17:12:38[INFO][第95个猴子 ]正在右岸等待离出生已经1秒
2019-06-22 17:12:38[INFO][第91个猴子 ]正在右岸等待离出生已经1秒
2019-06-22 17:12:38[INFO][第94个猴子 ]正在左岸等待离出生已经1秒
2019-06-22 17:12:38[INFO][第100个猴子 ]正在右岸等待离出生已经1秒
2019-06-22 17:12:38[INFO][第64个猴子 ]正在左岸等待离出生已经4秒
2019-06-22 17:12:38[INFO][第61个猴子 ]正在右岸等待离出生已经4秒
2019-06-22 17:12:38[INFO][第89个猴子 ]正在左岸等待离出生已经1秒
2019-06-22 17:12:38[INFO][第85个猴子 ]正在右岸等待离出生已经1秒
2019-06-22 17:12:38[INFO][第84个猴子 ]正在右岸等待离出生已经1秒
2019-06-22 17:12:38[INFO][第88个猴子 ]正在右岸等待离出生已经1秒
2019-06-22 17:12:38[INFO][第76个猴子 ]正在左岸等待离出生已经1秒
2019-06-22 17:12:38[INFO][第80个猴子 ]正在左岸等待离出生已经1秒
2019-06-22 17:12:38[INFO][第57个猴子 ]正在第4个梯子第20个踏板，从右向左离出生已经4秒
2019-06-22 17:12:38[INFO][第83个猴子 ]正在右岸等待离出生已经1秒
2019-06-22 17:12:38[INFO][第79个猴子 ]正在右岸等待离出生已经1秒
2019-06-22 17:12:38[INFO][第81个猴子 ]正在左岸等待离出生已经1秒
2019-06-22 17:12:38[INFO][第72个猴子 ]正在左岸等待离出生已经4秒
2019-06-22 17:12:38[INFO][第68个猴子 ]正在第2个梯子第10个踏板，从左向右离出生已经4秒
2019-06-22 17:12:38[INFO][第70个猴子 ]正在左岸等待离出生已经4秒
2019-06-22 17:12:38[INFO][第65个猴子 ]正在左岸等待离出生已经4秒
2019-06-22 17:12:38[INFO][第60个猴子 ]正在左岸等待离出生已经4秒
2019-06-22 17:12:38[INFO][第75个猴子 ]正在左岸等待离出生已经4秒
2019-06-22 17:12:38[INFO][第73个猴子 ]正在左岸等待离出生已经4秒
2019-06-22 17:12:38[INFO][第74个猴子 ]正在左岸等待离出生已经4秒
2019-06-22 17:12:38[INFO][第96个猴子 ]正在右岸等待离出生已经1秒
2019-06-22 17:12:38[INFO][第97个猴子 ]正在右岸等待离出生已经1秒
2019-06-22 17:12:38[INFO][第54个猴子 ]正在右岸等待离出生已经4秒
2019-06-22 17:12:38[INFO][第31个猴子 ]正在右岸等待离出生已经7秒
2019-06-22 17:12:38[INFO][第33个猴子 ]正在左岸等待离出生已经7秒
2019-06-22 17:12:38[INFO][第40个猴子 ]正在左岸等待离出生已经7秒
2019-06-22 17:12:38[INFO][第32个猴子 ]正在右岸等待离出生已经7秒
2019-06-22 17:12:38[INFO][第37个猴子 ]正在第1个梯子第1个踏板，从左向右离出生已经7秒
2019-06-22 17:12:38[INFO][第36个猴子 ]正在右岸等待离出生已经7秒
2019-06-22 17:12:38[INFO][第50个猴子 ]正在右岸等待离出生已经7秒
2019-06-22 17:12:38[INFO][第44个猴子 ]正在左岸等待离出生已经7秒
2019-06-22 17:12:38[INFO][第43个猴子 ]正在右岸等待离出生已经7秒
2019-06-22 17:12:38[INFO][第35个猴子 ]正在左岸等待离出生已经7秒
2019-06-22 17:12:38[INFO][第38个猴子 ]正在右岸等待离出生已经7秒
2019-06-22 17:12:38[INFO][第30个猴子 ]正在右岸等待离出生已经7秒
2019-06-22 17:12:38[INFO][第41个猴子 ]正在右岸等待离出生已经7秒
2019-06-22 17:12:38[INFO][第49个猴子 ]正在左岸等待离出生已经7秒
2019-06-22 17:12:38[INFO][第34个猴子 ]抵达右岸总耗时7秒
2019-06-22 17:12:38[INFO][第47个猴子 ]正在右岸等待离出生已经7秒
2019-06-22 17:12:38[INFO][第39个猴子 ]正在右岸等待离出生已经7秒
2019-06-22 17:12:38[INFO][第20个猴子 ]正在左岸等待离出生已经10秒
2019-06-22 17:12:38[INFO][第18个猴子 ]正在左岸等待离出生已经10秒
2019-06-22 17:12:38[INFO][第14个猴子 ]正在左岸等待离出生已经10秒
2019-06-22 17:12:38[INFO][第2个猴子 ]正在左岸等待离出生已经10秒
2019-06-22 17:12:38[INFO][第9个猴子 ]正在右岸等待离出生已经10秒
2019-06-22 17:12:38[INFO][第15个猴子 ]正在左岸等待离出生已经10秒
2019-06-22 17:12:38[INFO][第19个猴子 ]正在左岸等待离出生已经10秒
2019-06-22 17:12:38[INFO][第22个猴子 ]正在右岸等待离出生已经10秒
2019-06-22 17:12:38[INFO][第7个猴子 ]正在右岸等待离出生已经10秒
2019-06-22 17:12:38[INFO][第3个猴子 ]正在右岸等待离出生已经10秒
2019-06-22 17:12:38[INFO][第12个猴子 ]正在第4个梯子第2个踏板，从右向左离出生已经10秒
2019-06-22 17:12:38[INFO][第16个猴子 ]正在左岸等待离出生已经10秒
2019-06-22 17:12:38[INFO][第4个猴子 ]正在右岸等待离出生已经10秒
2019-06-22 17:12:38[INFO][第11个猴子 ]正在左岸等待离出生已经10秒
2019-06-22 17:12:38[INFO][第25个猴子 ]正在左岸等待离出生已经10秒
2019-06-22 17:12:38[INFO][第8个猴子 ]正在左岸等待离出生已经10秒
2019-06-22 17:12:38[INFO][第5个猴子 ]正在右岸等待离出生已经10秒
2019-06-22 17:12:38[INFO][第23个猴子 ]正在右岸等待离出生已经10秒
